<?xml version="1.0" encoding="UTF-8"?>
<!-- Generated by org.testng.reporters.JUnitReportReporter -->
<testsuite hostname="DESKTOP-83K4TV4" name="Selenium.Activity2" tests="1" failures="0" timestamp="30 Aug 2020 09:45:47 GMT" time="19.104" errors="0">
  <testcase name="VerifyWebsiteHeading" time="19.104" classname="Selenium.Activity2"/>
</testsuite> <!-- Selenium.Activity2 -->
