<?xml version="1.0" encoding="UTF-8"?>
<!-- Generated by org.testng.reporters.JUnitReportReporter -->
<testsuite hostname="DESKTOP-83K4TV4" name="Selenium.Activity7" tests="1" failures="0" timestamp="30 Aug 2020 09:45:46 GMT" time="90.535" errors="0">
  <testcase name="CreateaNewJobListing" time="90.535" classname="Selenium.Activity7"/>
</testsuite> <!-- Selenium.Activity7 -->
