<?xml version="1.0" encoding="UTF-8"?>
<!-- Generated by org.testng.reporters.JUnitReportReporter -->
<testsuite hostname="DESKTOP-83K4TV4" name="Selenium.Activity8" tests="1" failures="0" timestamp="30 Aug 2020 09:45:47 GMT" time="29.279" errors="0">
  <testcase name="LogintoWebsiteBackend" time="29.279" classname="Selenium.Activity8"/>
</testsuite> <!-- Selenium.Activity8 -->
