<?xml version="1.0" encoding="UTF-8"?>
<!-- Generated by org.testng.reporters.JUnitReportReporter -->
<testsuite hostname="DESKTOP-83K4TV4" name="Selenium.Activity9" tests="1" failures="0" timestamp="30 Aug 2020 09:45:47 GMT" time="79.425" errors="0">
  <testcase name="CreateJobListingfromBackend" time="79.425" classname="Selenium.Activity9"/>
</testsuite> <!-- Selenium.Activity9 -->
