<?xml version="1.0" encoding="UTF-8"?>
<!-- Generated by org.testng.reporters.JUnitReportReporter -->
<testsuite hostname="DESKTOP-83K4TV4" name="Selenium.Activity6" tests="1" failures="0" timestamp="30 Aug 2020 09:45:47 GMT" time="33.955" errors="0">
  <testcase name="ApplytoaJob" time="33.955" classname="Selenium.Activity6"/>
</testsuite> <!-- Selenium.Activity6 -->
