<?xml version="1.0" encoding="UTF-8"?>
<!-- Generated by org.testng.reporters.JUnitReportReporter -->
<testsuite hostname="DESKTOP-83K4TV4" name="Selenium.Activity4" tests="1" failures="0" timestamp="30 Aug 2020 09:45:46 GMT" time="20.253" errors="0">
  <testcase name="VerifyWebsiteSecondHeading" time="20.253" classname="Selenium.Activity4"/>
</testsuite> <!-- Selenium.Activity4 -->
