<?xml version="1.0" encoding="UTF-8"?>
<!-- Generated by org.testng.reporters.JUnitReportReporter -->
<testsuite hostname="DESKTOP-83K4TV4" name="Selenium.JobBoardChrome" tests="1" failures="0" timestamp="30 Aug 2020 09:06:44 GMT" time="13.297" errors="0">
  <testcase name="Activity1" time="13.297" classname="Selenium.JobBoardChrome"/>
</testsuite> <!-- Selenium.JobBoardChrome -->
